424290
24823
12393
4332
36
1184
12312
10537179
5194
8645
44892
1934
368
486
164548
9696
2955
68528
47011587840
166
14912910
217728
624
2374650008
65
112936
1396
130780
2007608
7301
26197063660
1224
177
105345515520
208
1765744070
5424
689040
66000
225179927
35647326
4203
733233366
6984
30825
1470
6621500
288
2538
975
183
11676607491
955800
1624896
212
157894
31011
2760
75600
16
2724
1038
120645
425071152
121
3000
6333
5675697
101106
366936
4142675880
65
314
1350
9216
4962
564
567
2160
6795600
525
11664
72
52
1678176
3147
96
160
240
1706120
139115
34214400000
480
19992
325
12546
999
24982
433062990
5972300
683978
22
20581371
182849716224
906570
554464
196
4032
38836006
189675219
46296
10725288
10738
74286
141004868
740
726
315
24192
1174104
158
1601
80642
276
3444
63811
472
314
2227430592
57090
5670
671
2294
2206310400
24150
19595583
39
1938230
414
393282
1008
65955
5262
461766
1428840003
2949102
1306
2231
21919315
18524
367218
904400
6730752
4374
12348728
50625
2164075536
10761
3378816
48021174
990
277962
101
1570
270999509760
2751200
3602240
2882
36
9
1660417920
66892
2541
233
610
100800
68160962
1322040
18570
1756
15599
52994508
693
70391
12607
2343615
5946480
208728
1336104
4914
13482
5278
416
3540
82320
1440
16461733680
918
1764
424152
1357407
45502779105
811184
13320
1021
183546
125440
18409747860
81
2302
62
11
23569892658
236
136940928
46666
60480
9830
89829
86542
1289876
95
99388800
1800
306245
336
123200
1326
13894800
30982
2767
6694
872453
151
4840416
13616
583744
148530
17280
32160
1404881
10276448
32994
115020
28161084384
67514
90618157
735
433903
1659
2848
393
506
5331
3113
35069765
254241
83
2278
756
1619694
42882
2940
61275840
2203
7468
1275
18144
19440
102
389
68688
15878
42696
9732
1395
22
25827
1105441
96
381153
331156
88
12000
34020
955
3252329
980
522
273600
2775
134821
57460599
2656
29995
206
82246
190052
50540
9973
941
24771288
6585628
25
5842
68
473280720
117604
27
504
756
111645
26
5813
3392374082310
22317876
61248
391
157198143751
2059
19040
103078800000
1420
2281440
1320
164955023
4593388
187440
10
12505489
372745800
1040
102
87889
84683
112
11
64800
982244100
13028
5293
306400
3792162528
16884
14
2603
9450
3357
104664
8888400
2883
162
102018
119267430
1560409
115708
2592
6824
700246050
19215
4557465
87337
38704
6558
457002192
183036
432000
6859345
2579
1920
12166
16938
888
240
684
174
Part 1: 4491283311856
