7
288
12393
3
30
8
12272
7
5194
2
7
48
368
486
10
18
432
344
16
16
5
217728
624
30
65
672
1396
72
12
7
122
1224
177
36
115
13
5424
15
20
8
2
13
8
8
30585
1470
45
288
6
15
228
48
35
13
212
4
29
36
75600
16
2760
3
15
3
2
16
6333
5362875
100850
30
9
65
572
1416
2
4617
7
567
2160
6795600
525
8703
226
52
31
12
96
160
240
40
108
600
480
19992
325
13050
271
14
6241
4
13372137
22
3
7776
13
123236
196
4032
5
248
56448
2
8414
9
56
740
726
315
8
138
158
449
80784
5
3004
11
472
23
21
57090
5670
432
105
18
24150
19881288
39
15
390
5
9
3
5262
13
28
13
1306
7
3
3
400
904400
21
5
105
4
5
10761
6
35
1008
13
101
1890
40
80
9
64
36
9
56
67060
7
225
5
1128976
360
4
5
1756
2
8
693
79488
12635
20
246
15
1687
11
3
10
266
3
82320
1440
9
11702
3
32
7
18
117
12964
12
392
125440
35
81
718
62
11
48
236
9144
46526
120
2
5
5
256
95
21
8
7
336
4
1806
16
5230
4
6552
5
30
343
13800
39
84
17280
48
1404881
14116
1798205
115020
3
5
43
735
7
39
2
393
506
9
9
72
254286
5
60
756
2
8538
5
16
2203
7380
3
18144
19440
72
11
12
17
11
30
1395
22
3507
9
96
382635
3
2
2
3
159
12
980
6
23
15
9
7
2786
2
57
576
9
50638
9973
905
315
4
25
35
68
5
4
27
504
756
111525
26
5
15
14
48
23
1224
14
19040
11
1420
7
1320
10
17
188100
10
5
81
1040
102
4
11
112
11
8
8820
3150
18
5
9
12
14
2603
9
3
5
9
14
28
4
14
87523
115788
2592
11
108
19404
9
98
6
6636
189
182856
432000
5
3159
1920
8
14650
36833
312
8
174
54226512
