424290
24823
12393
4332
36
1184
12312
10537179
5194
8645
44892
1934
368
486
164548
9696
2955
68528
47011587840
166
14912910
217728
729
2374650008
65
112936
1396
130780
2007608
7301
395891230
1224
177
105345515520
208
1765744070
5424
689040
66000
225772463
35647326
4203
733233366
6984
41895
1470
6621500
288
2538
975
183
11676607491
976800
1624896
212
157894
31011
2760
75600
16
2724
1038
120645
425071152
121
3000
6333
5675697
102258
366936
4142675880
65
314
1350
9216
4962
564
567
2160
6795600
525
11664
72
52
1678176
3147
96
160
240
1706120
139115
5702670000
480
19992
325
12546
999
24982
431378190
5972300
683978
22
20581371
182849716224
2221065
553064
196
4032
38836006
189675219
46296
10725288
21426
74286
141004868
804
726
315
24192
1174104
158
2945
80642
276
6084
63811
472
314
4454860944
56713
5670
671
2294
2206310400
24150
19595583
39
1938230
414
216378
1008
65955
5262
461766
1428840003
2949102
1306
2231
21919315
18524
367218
904400
6730752
4374
12348728
50625
2164075536
10761
3378816
48021174
990
277962
101
1570
270999509760
2751200
3602240
2882
36
9
1660417920
66892
2541
233
342
100800
68160962
1322040
18570
1768
15599
52307653
693
70391
12607
2343615
5946480
208728
1336104
4914
13482
5278
416
3540
76440
1440
16460237240
918
1764
583768
43605711
39257315055
811184
13320
1021
183546
112650
18368959476
81
2302
62
11
23524700914
236
136940928
46666
60480
9830
89829
86542
1289876
95
96892800
1800
306245
336
123200
1326
13894800
30982
2767
6694
907008
151
4840416
12167
583744
148530
17280
32160
1407181
10276448
410994
115020
28161084384
67514
90618157
735
471339
1659
2848
393
506
5556
3113
35069765
254241
83
4018
756
1619694
42882
2940
28723804
2203
7468
1275
18144
19440
102
389
68688
15878
42696
9732
1395
22
25827
1182481
96
381153
37432147
88
13863
18144
1432
3252329
980
522
273600
2775
134821
56408247
2656
30037
206
82246
230624
50015
10053
941
20968434
6722800
25
3727
68
473280720
118300
27
504
756
154035
26
5813
3392182261998
22317876
61248
391
156624899191
3137
19040
98290800000
1450
2281440
1320
169908543
4593388
187440
10
12505489
372745800
1040
102
87889
84683
112
11
64800
982244100
13028
5293
306400
3792162528
16884
14
2603
9450
3357
104664
8888400
2883
162
102018
138459736
1560409
108580
2592
6824
700246050
19215
4557465
87337
38704
6558
457002192
199836
432000
6859345
2579
1452
12166
16938
888
240
684
174
4427375716550
